Using pre-set license
Built from '2020.3/staging' branch; Version is '2020.3.11f1 (99c7afb366b3) revision 10078127'; Using compiler version '192528614'; Build Type 'Release'
OS: 'Windows 10 Pro; OS build 19042.1052; Version 2009; 64bit' Language: 'en' Physical Memory: 16295 MB
BatchMode: 1, IsHumanControllingUs: 0, StartBugReporterOnCrash: 0, Is64bit: 1, IsPro: 0

 COMMAND LINE ARGUMENTS:
C:\Program Files\Unity\Hub\Editor\2020.3.11f1\Editor\Unity.exe
-adb2
-batchMode
-noUpm
-name
AssetImportWorker0
-projectPath
C:/Users/Kenny/Documents/Gmtk/Gmtk
-logFile
Logs/AssetImportWorker0.log
-srvPort
63474
Successfully changed project path to: C:/Users/Kenny/Documents/Gmtk/Gmtk
C:/Users/Kenny/Documents/Gmtk/Gmtk
Using Asset Import Pipeline V2.
Refreshing native plugins compatible for Editor in 54.35 ms, found 3 plugins.
Preloading 0 native plugins for Editor in 0.00 ms.
Initialize engine version: 2020.3.11f1 (99c7afb366b3)
[Subsystems] Discovering subsystems at path C:/Program Files/Unity/Hub/Editor/2020.3.11f1/Editor/Data/Resources/UnitySubsystems
[Subsystems] Discovering subsystems at path C:/Users/Kenny/Documents/Gmtk/Gmtk/Assets
GfxDevice: creating device client; threaded=0
Direct3D:
    Version:  Direct3D 11.0 [level 11.1]
    Renderer: Radeon (TM) RX 470 Graphics (ID=0x67df)
    Vendor:   
    VRAM:     4075 MB
    Driver:   27.20.12029.1000
Shader 'Universal Render Pipeline/Particles/Lit': fallback shader 'Universal Render Pipeline/Particles/SimpleLit' not found
Initialize mono
Mono path[0] = 'C:/Program Files/Unity/Hub/Editor/2020.3.11f1/Editor/Data/Managed'
Mono path[1] = 'C:/Program Files/Unity/Hub/Editor/2020.3.11f1/Editor/Data/MonoBleedingEdge/lib/mono/unityjit'
Mono config path = 'C:/Program Files/Unity/Hub/Editor/2020.3.11f1/Editor/Data/MonoBleedingEdge/etc'
Using monoOptions --debugger-agent=transport=dt_socket,embedding=1,server=y,suspend=n,address=127.0.0.1:56688
Begin MonoManager ReloadAssembly
Registering precompiled unity dll's ...
Register platform support module: C:/Program Files/Unity/Hub/Editor/2020.3.11f1/Editor/Data/PlaybackEngines/WindowsStandaloneSupport/UnityEditor.WindowsStandalone.Extensions.dll
Registered in 0.001828 seconds.
Native extension for WindowsStandalone target not found
Refreshing native plugins compatible for Editor in 57.25 ms, found 3 plugins.
Preloading 0 native plugins for Editor in 0.00 ms.
Mono: successfully reloaded assembly
- Completed reload, in  0.899 seconds
Platform modules already initialized, skipping
Registering precompiled user dll's ...
Registered in 0.004548 seconds.
Begin MonoManager ReloadAssembly
Native extension for WindowsStandalone target not found
Refreshing native plugins compatible for Editor in 57.23 ms, found 3 plugins.
Preloading 0 native plugins for Editor in 0.00 ms.
Mono: successfully reloaded assembly
- Completed reload, in  1.020 seconds
Platform modules already initialized, skipping
========================================================================
Worker process is ready to serve import requests
Shader 'Universal Render Pipeline/Particles/Lit': fallback shader 'Universal Render Pipeline/Particles/SimpleLit' not found
Launched and connected shader compiler UnityShaderCompiler.exe after 0.04 seconds
Refreshing native plugins compatible for Editor in 0.78 ms, found 3 plugins.
Preloading 0 native plugins for Editor in 0.00 ms.
Unloading 3374 Unused Serialized files (Serialized files now loaded: 0)
System memory in use before: 145.7 MB.
System memory in use after: 145.7 MB.

Unloading 34 unused Assets to reduce memory usage. Loaded Objects now: 3809.
Total: 3.444300 ms (FindLiveObjects: 0.370700 ms CreateObjectMapping: 0.083900 ms MarkObjects: 2.849900 ms  DeleteObjects: 0.138400 ms)

========================================================================
Received Import Request.
  path: Assets/bullet/bullet.prefab
  artifactKey: Guid(828b52b33286fb14b9ff8845dba112fb) Importer(815301076,1909f56bfc062723c751e8b465ee728b)
Start importing Assets/bullet/bullet.prefab using Guid(828b52b33286fb14b9ff8845dba112fb) Importer(815301076,1909f56bfc062723c751e8b465ee728b)  -> (artifact id: '6ca657039aed51cc9f8c6dea3f45df3d') in 0.043391 seconds
  Import took 0.048716 seconds .

========================================================================
Received Import Request.
  Time since last request: 0.000240 seconds.
  path: Assets/bullet
  artifactKey: Guid(5c50db24046fa4c4490b92413eb67712) Importer(815301076,1909f56bfc062723c751e8b465ee728b)
Start importing Assets/bullet using Guid(5c50db24046fa4c4490b92413eb67712) Importer(815301076,1909f56bfc062723c751e8b465ee728b)  -> (artifact id: '83a462d928cf040ae3458a44703f6ff1') in 0.002184 seconds
  Import took 0.007551 seconds .

========================================================================
Received Import Request.
  Time since last request: 0.016291 seconds.
  path: Assets/bullet/bullet.prefab
  artifactKey: Guid(828b52b33286fb14b9ff8845dba112fb) Importer(815301076,1909f56bfc062723c751e8b465ee728b)
Start importing Assets/bullet/bullet.prefab using Guid(828b52b33286fb14b9ff8845dba112fb) Importer(815301076,1909f56bfc062723c751e8b465ee728b)  -> (artifact id: '6ca657039aed51cc9f8c6dea3f45df3d') in 0.003684 seconds
  Import took 0.009003 seconds .

========================================================================
Received Import Request.
  Time since last request: 4.160840 seconds.
  path: Assets/bullet/bullet.cs
  artifactKey: Guid(e532fd69a8fbef046be740ca1b4bf136) Importer(815301076,1909f56bfc062723c751e8b465ee728b)
Start importing Assets/bullet/bullet.cs using Guid(e532fd69a8fbef046be740ca1b4bf136) Importer(815301076,1909f56bfc062723c751e8b465ee728b)  -> (artifact id: 'a826b10168cd2bb736549fa638062f90') in 0.009301 seconds
  Import took 0.014452 seconds .

========================================================================
Received Prepare
Registering precompiled user dll's ...
Registered in 0.004284 seconds.
Begin MonoManager ReloadAssembly
Native extension for WindowsStandalone target not found
Refreshing native plugins compatible for Editor in 0.81 ms, found 3 plugins.
Preloading 0 native plugins for Editor in 0.00 ms.
Mono: successfully reloaded assembly
- Completed reload, in  0.923 seconds
Platform modules already initialized, skipping
Shader 'Universal Render Pipeline/Particles/Lit': fallback shader 'Universal Render Pipeline/Particles/SimpleLit' not found
Refreshing native plugins compatible for Editor in 0.82 ms, found 3 plugins.
Preloading 0 native plugins for Editor in 0.00 ms.
Unloading 3262 Unused Serialized files (Serialized files now loaded: 0)
System memory in use before: 138.6 MB.
System memory in use after: 138.7 MB.

Unloading 24 unused Assets to reduce memory usage. Loaded Objects now: 3812.
Total: 3.149800 ms (FindLiveObjects: 0.376300 ms CreateObjectMapping: 0.099200 ms MarkObjects: 2.529600 ms  DeleteObjects: 0.143100 ms)

========================================================================
Received Prepare
Registering precompiled user dll's ...
Registered in 0.004096 seconds.
Begin MonoManager ReloadAssembly
Native extension for WindowsStandalone target not found
Refreshing native plugins compatible for Editor in 0.75 ms, found 3 plugins.
Preloading 0 native plugins for Editor in 0.00 ms.
Mono: successfully reloaded assembly
- Completed reload, in  0.928 seconds
Platform modules already initialized, skipping
Shader 'Universal Render Pipeline/Particles/Lit': fallback shader 'Universal Render Pipeline/Particles/SimpleLit' not found
Refreshing native plugins compatible for Editor in 0.79 ms, found 3 plugins.
Preloading 0 native plugins for Editor in 0.00 ms.
Unloading 3262 Unused Serialized files (Serialized files now loaded: 0)
System memory in use before: 138.7 MB.
System memory in use after: 138.8 MB.

Unloading 23 unused Assets to reduce memory usage. Loaded Objects now: 3816.
Total: 3.281300 ms (FindLiveObjects: 0.376500 ms CreateObjectMapping: 0.087700 ms MarkObjects: 2.685400 ms  DeleteObjects: 0.130400 ms)

========================================================================
Received Import Request.
  Time since last request: 170.467332 seconds.
  path: Assets/Feet.cs
  artifactKey: Guid(851245d375279f842a40d3fd7cd3231f) Importer(815301076,1909f56bfc062723c751e8b465ee728b)
Start importing Assets/Feet.cs using Guid(851245d375279f842a40d3fd7cd3231f) Importer(815301076,1909f56bfc062723c751e8b465ee728b)  -> (artifact id: '6186e0983f3b182b620395303d1b0209') in 0.010957 seconds
  Import took 0.016628 seconds .

========================================================================
Received Prepare
Registering precompiled user dll's ...
Registered in 0.004749 seconds.
Begin MonoManager ReloadAssembly
Native extension for WindowsStandalone target not found
Refreshing native plugins compatible for Editor in 0.75 ms, found 3 plugins.
Preloading 0 native plugins for Editor in 0.00 ms.
Mono: successfully reloaded assembly
- Completed reload, in  0.920 seconds
Platform modules already initialized, skipping
Shader 'Universal Render Pipeline/Particles/Lit': fallback shader 'Universal Render Pipeline/Particles/SimpleLit' not found
Refreshing native plugins compatible for Editor in 0.82 ms, found 3 plugins.
Preloading 0 native plugins for Editor in 0.00 ms.
Unloading 3263 Unused Serialized files (Serialized files now loaded: 0)
System memory in use before: 138.7 MB.
System memory in use after: 138.8 MB.

Unloading 23 unused Assets to reduce memory usage. Loaded Objects now: 3821.
Total: 3.148300 ms (FindLiveObjects: 0.349500 ms CreateObjectMapping: 0.081100 ms MarkObjects: 2.572400 ms  DeleteObjects: 0.143900 ms)

========================================================================
Received Import Request.
  Time since last request: 635.131521 seconds.
  path: Assets/Mine.cs
  artifactKey: Guid(1f9762639073e2d4d95cf7bd2b7f0219) Importer(815301076,1909f56bfc062723c751e8b465ee728b)
Start importing Assets/Mine.cs using Guid(1f9762639073e2d4d95cf7bd2b7f0219) Importer(815301076,1909f56bfc062723c751e8b465ee728b)  -> (artifact id: '7d698bb9a950dd1c39c15f6e80d7c348') in 0.009804 seconds
  Import took 0.014685 seconds .

========================================================================
Received Import Request.
  Time since last request: 460.998933 seconds.
  path: Assets/ToonExplosion v1.0
  artifactKey: Guid(10dd4948cf1442a469a9f6d48f6d10d6) Importer(815301076,1909f56bfc062723c751e8b465ee728b)
Start importing Assets/ToonExplosion v1.0 using Guid(10dd4948cf1442a469a9f6d48f6d10d6) Importer(815301076,1909f56bfc062723c751e8b465ee728b)  -> (artifact id: 'c2723eb42e7e06a2d97a303656db447f') in 0.007046 seconds
  Import took 0.012195 seconds .

========================================================================
Received Import Request.
  Time since last request: 0.944510 seconds.
  path: Assets/ToonExplosion v1.0/Textures
  artifactKey: Guid(a9b1cc6495148ae468e73022d9e64863) Importer(815301076,1909f56bfc062723c751e8b465ee728b)
Start importing Assets/ToonExplosion v1.0/Textures using Guid(a9b1cc6495148ae468e73022d9e64863) Importer(815301076,1909f56bfc062723c751e8b465ee728b)  -> (artifact id: 'aada971974392b1e2ec2f4c38f35603d') in 0.005666 seconds
  Import took 0.010753 seconds .

========================================================================
Received Import Request.
  Time since last request: 1.119179 seconds.
  path: Assets/ToonExplosion v1.0/Animations
  artifactKey: Guid(07c5fcbc7d37e354796d059af5f3c5f3) Importer(815301076,1909f56bfc062723c751e8b465ee728b)
Start importing Assets/ToonExplosion v1.0/Animations using Guid(07c5fcbc7d37e354796d059af5f3c5f3) Importer(815301076,1909f56bfc062723c751e8b465ee728b)  -> (artifact id: '3d0fdcccf8206a49a172acc5b74b76c0') in 0.006409 seconds
  Import took 0.011410 seconds .

========================================================================
Received Import Request.
  Time since last request: 2.079015 seconds.
  path: Assets/ToonExplosion v1.0/Animations/Explosion.anim
  artifactKey: Guid(46d9b92f79b9bf14ba2729c1e17bf16d) Importer(815301076,1909f56bfc062723c751e8b465ee728b)
Start importing Assets/ToonExplosion v1.0/Animations/Explosion.anim using Guid(46d9b92f79b9bf14ba2729c1e17bf16d) Importer(815301076,1909f56bfc062723c751e8b465ee728b)  -> (artifact id: '950e7d18b79024fd27341ec6ae76eae5') in 0.014336 seconds
  Import took 0.019498 seconds .

========================================================================
Received Import Request.
  Time since last request: 0.008660 seconds.
  path: Assets/ToonExplosion v1.0/Animations/Explosion.anim
  artifactKey: Guid(46d9b92f79b9bf14ba2729c1e17bf16d) Importer(815301076,1909f56bfc062723c751e8b465ee728b)
Start importing Assets/ToonExplosion v1.0/Animations/Explosion.anim using Guid(46d9b92f79b9bf14ba2729c1e17bf16d) Importer(815301076,1909f56bfc062723c751e8b465ee728b)  -> (artifact id: '950e7d18b79024fd27341ec6ae76eae5') in 0.003187 seconds
  Import took 0.008530 seconds .

========================================================================
Received Import Request.
  Time since last request: 8.479545 seconds.
  path: Assets/ToonExplosion v1.0/Animations/ExpAnimator.controller
  artifactKey: Guid(15e758bb18aad9c438161ec381f54da8) Importer(815301076,1909f56bfc062723c751e8b465ee728b)
Start importing Assets/ToonExplosion v1.0/Animations/ExpAnimator.controller using Guid(15e758bb18aad9c438161ec381f54da8) Importer(815301076,1909f56bfc062723c751e8b465ee728b)  -> (artifact id: 'ce0c11f3d76f671d17cfa0dfadf7f807') in 0.009296 seconds
  Import took 0.014380 seconds .

========================================================================
Received Import Request.
  Time since last request: 13.252155 seconds.
  path: Assets/ToonExplosion v1.0/Prefabs
  artifactKey: Guid(77831dc0ee8b73e4ba5fe0a3eab7de16) Importer(815301076,1909f56bfc062723c751e8b465ee728b)
Start importing Assets/ToonExplosion v1.0/Prefabs using Guid(77831dc0ee8b73e4ba5fe0a3eab7de16) Importer(815301076,1909f56bfc062723c751e8b465ee728b)  -> (artifact id: 'eeaa508d0b07ec4139b99146467755cb') in 0.005730 seconds
  Import took 0.010750 seconds .

========================================================================
Received Import Request.
  Time since last request: 1.930118 seconds.
  path: Assets/ToonExplosion v1.0/Prefabs/Explosion.prefab
  artifactKey: Guid(b185c1a9cf067374586d095111b15bd1) Importer(815301076,1909f56bfc062723c751e8b465ee728b)
Start importing Assets/ToonExplosion v1.0/Prefabs/Explosion.prefab using Guid(b185c1a9cf067374586d095111b15bd1) Importer(815301076,1909f56bfc062723c751e8b465ee728b)  -> (artifact id: 'ae3572011366d5f4aa85f9d592e0c8fe') in 0.152609 seconds
  Import took 0.158002 seconds .

========================================================================
Received Prepare
Registering precompiled user dll's ...
Registered in 0.004358 seconds.
Begin MonoManager ReloadAssembly
Native extension for WindowsStandalone target not found
Refreshing native plugins compatible for Editor in 0.74 ms, found 3 plugins.
Preloading 0 native plugins for Editor in 0.00 ms.
Mono: successfully reloaded assembly
- Completed reload, in  0.970 seconds
Platform modules already initialized, skipping
Shader 'Universal Render Pipeline/Particles/Lit': fallback shader 'Universal Render Pipeline/Particles/SimpleLit' not found
Refreshing native plugins compatible for Editor in 0.87 ms, found 3 plugins.
Preloading 0 native plugins for Editor in 0.00 ms.
Unloading 3263 Unused Serialized files (Serialized files now loaded: 0)
System memory in use before: 143.9 MB.
System memory in use after: 144.0 MB.

Unloading 23 unused Assets to reduce memory usage. Loaded Objects now: 3870.
Total: 2.681300 ms (FindLiveObjects: 0.380000 ms CreateObjectMapping: 0.084500 ms MarkObjects: 2.092300 ms  DeleteObjects: 0.123300 ms)

========================================================================
Received Prepare
Registering precompiled user dll's ...
Registered in 0.004369 seconds.
Begin MonoManager ReloadAssembly
Native extension for WindowsStandalone target not found
Refreshing native plugins compatible for Editor in 0.76 ms, found 3 plugins.
Preloading 0 native plugins for Editor in 0.00 ms.
Mono: successfully reloaded assembly
- Completed reload, in  0.972 seconds
Platform modules already initialized, skipping
Shader 'Universal Render Pipeline/Particles/Lit': fallback shader 'Universal Render Pipeline/Particles/SimpleLit' not found
Refreshing native plugins compatible for Editor in 0.81 ms, found 3 plugins.
Preloading 0 native plugins for Editor in 0.00 ms.
Unloading 3263 Unused Serialized files (Serialized files now loaded: 0)
System memory in use before: 143.9 MB.
System memory in use after: 144.0 MB.

Unloading 23 unused Assets to reduce memory usage. Loaded Objects now: 3874.
Total: 3.057800 ms (FindLiveObjects: 0.375200 ms CreateObjectMapping: 0.086200 ms MarkObjects: 2.455800 ms  DeleteObjects: 0.139400 ms)

========================================================================
Received Prepare
Registering precompiled user dll's ...
Registered in 0.004236 seconds.
Begin MonoManager ReloadAssembly
Native extension for WindowsStandalone target not found
Refreshing native plugins compatible for Editor in 0.91 ms, found 3 plugins.
Preloading 0 native plugins for Editor in 0.00 ms.
Mono: successfully reloaded assembly
- Completed reload, in  0.941 seconds
Platform modules already initialized, skipping
Shader 'Universal Render Pipeline/Particles/Lit': fallback shader 'Universal Render Pipeline/Particles/SimpleLit' not found
Refreshing native plugins compatible for Editor in 0.84 ms, found 3 plugins.
Preloading 0 native plugins for Editor in 0.00 ms.
Unloading 3263 Unused Serialized files (Serialized files now loaded: 0)
System memory in use before: 143.9 MB.
System memory in use after: 144.0 MB.

Unloading 23 unused Assets to reduce memory usage. Loaded Objects now: 3878.
Total: 3.149000 ms (FindLiveObjects: 0.348200 ms CreateObjectMapping: 0.086900 ms MarkObjects: 2.578500 ms  DeleteObjects: 0.133800 ms)

========================================================================
Received Prepare
Registering precompiled user dll's ...
Registered in 0.004057 seconds.
Begin MonoManager ReloadAssembly
Native extension for WindowsStandalone target not found
Refreshing native plugins compatible for Editor in 0.81 ms, found 3 plugins.
Preloading 0 native plugins for Editor in 0.00 ms.
Mono: successfully reloaded assembly
- Completed reload, in  0.945 seconds
Platform modules already initialized, skipping
Shader 'Universal Render Pipeline/Particles/Lit': fallback shader 'Universal Render Pipeline/Particles/SimpleLit' not found
Refreshing native plugins compatible for Editor in 0.75 ms, found 3 plugins.
Preloading 0 native plugins for Editor in 0.00 ms.
Unloading 3263 Unused Serialized files (Serialized files now loaded: 0)
System memory in use before: 143.9 MB.
System memory in use after: 144.0 MB.

Unloading 23 unused Assets to reduce memory usage. Loaded Objects now: 3882.
Total: 2.973700 ms (FindLiveObjects: 0.356800 ms CreateObjectMapping: 0.086900 ms MarkObjects: 2.393200 ms  DeleteObjects: 0.135700 ms)

========================================================================
Received Prepare
Registering precompiled user dll's ...
Registered in 0.004111 seconds.
Begin MonoManager ReloadAssembly
Native extension for WindowsStandalone target not found
Refreshing native plugins compatible for Editor in 0.74 ms, found 3 plugins.
Preloading 0 native plugins for Editor in 0.00 ms.
Mono: successfully reloaded assembly
- Completed reload, in  0.944 seconds
Platform modules already initialized, skipping
Shader 'Universal Render Pipeline/Particles/Lit': fallback shader 'Universal Render Pipeline/Particles/SimpleLit' not found
Refreshing native plugins compatible for Editor in 0.76 ms, found 3 plugins.
Preloading 0 native plugins for Editor in 0.00 ms.
Unloading 3263 Unused Serialized files (Serialized files now loaded: 0)
System memory in use before: 144.0 MB.
System memory in use after: 144.1 MB.

Unloading 23 unused Assets to reduce memory usage. Loaded Objects now: 3886.
Total: 3.292800 ms (FindLiveObjects: 0.366700 ms CreateObjectMapping: 0.083000 ms MarkObjects: 2.701800 ms  DeleteObjects: 0.139400 ms)

========================================================================
Received Prepare
Registering precompiled user dll's ...
Registered in 0.004752 seconds.
Begin MonoManager ReloadAssembly
Native extension for WindowsStandalone target not found
Refreshing native plugins compatible for Editor in 0.84 ms, found 3 plugins.
Preloading 0 native plugins for Editor in 0.00 ms.
Mono: successfully reloaded assembly
- Completed reload, in  0.943 seconds
Platform modules already initialized, skipping
Shader 'Universal Render Pipeline/Particles/Lit': fallback shader 'Universal Render Pipeline/Particles/SimpleLit' not found
Refreshing native plugins compatible for Editor in 0.75 ms, found 3 plugins.
Preloading 0 native plugins for Editor in 0.00 ms.
Unloading 3263 Unused Serialized files (Serialized files now loaded: 0)
System memory in use before: 144.0 MB.
System memory in use after: 144.1 MB.

Unloading 23 unused Assets to reduce memory usage. Loaded Objects now: 3890.
Total: 3.269300 ms (FindLiveObjects: 0.362300 ms CreateObjectMapping: 0.082400 ms MarkObjects: 2.625400 ms  DeleteObjects: 0.197800 ms)

========================================================================
Received Prepare
Registering precompiled user dll's ...
Registered in 0.004284 seconds.
Begin MonoManager ReloadAssembly
Native extension for WindowsStandalone target not found
Refreshing native plugins compatible for Editor in 0.77 ms, found 3 plugins.
Preloading 0 native plugins for Editor in 0.00 ms.
Mono: successfully reloaded assembly
- Completed reload, in  0.967 seconds
Platform modules already initialized, skipping
Shader 'Universal Render Pipeline/Particles/Lit': fallback shader 'Universal Render Pipeline/Particles/SimpleLit' not found
Refreshing native plugins compatible for Editor in 0.77 ms, found 3 plugins.
Preloading 0 native plugins for Editor in 0.00 ms.
Unloading 3263 Unused Serialized files (Serialized files now loaded: 0)
System memory in use before: 144.0 MB.
System memory in use after: 144.1 MB.

Unloading 23 unused Assets to reduce memory usage. Loaded Objects now: 3894.
Total: 2.977900 ms (FindLiveObjects: 0.356800 ms CreateObjectMapping: 0.098100 ms MarkObjects: 2.380800 ms  DeleteObjects: 0.140900 ms)

========================================================================
Received Import Request.
  Time since last request: 707.235962 seconds.
  path: Assets/ToonExplosion v1.0/Prefabs/Explosion.prefab
  artifactKey: Guid(b185c1a9cf067374586d095111b15bd1) Importer(815301076,1909f56bfc062723c751e8b465ee728b)
Start importing Assets/ToonExplosion v1.0/Prefabs/Explosion.prefab using Guid(b185c1a9cf067374586d095111b15bd1) Importer(815301076,1909f56bfc062723c751e8b465ee728b)  -> (artifact id: '0e3696def21b3ab9166afec127acdbab') in 0.128100 seconds
  Import took 0.134026 seconds .

========================================================================
Received Prepare
Registering precompiled user dll's ...
Registered in 0.004214 seconds.
Begin MonoManager ReloadAssembly
Native extension for WindowsStandalone target not found
Refreshing native plugins compatible for Editor in 0.78 ms, found 3 plugins.
Preloading 0 native plugins for Editor in 0.00 ms.
Mono: successfully reloaded assembly
- Completed reload, in  0.953 seconds
Platform modules already initialized, skipping
Shader 'Universal Render Pipeline/Particles/Lit': fallback shader 'Universal Render Pipeline/Particles/SimpleLit' not found
Refreshing native plugins compatible for Editor in 0.80 ms, found 3 plugins.
Preloading 0 native plugins for Editor in 0.00 ms.
Unloading 3263 Unused Serialized files (Serialized files now loaded: 0)
System memory in use before: 144.1 MB.
System memory in use after: 144.2 MB.

Unloading 23 unused Assets to reduce memory usage. Loaded Objects now: 3934.
Total: 3.224500 ms (FindLiveObjects: 0.407000 ms CreateObjectMapping: 0.080800 ms MarkObjects: 2.595300 ms  DeleteObjects: 0.139600 ms)

========================================================================
Received Prepare
Registering precompiled user dll's ...
Registered in 0.004699 seconds.
Begin MonoManager ReloadAssembly
Native extension for WindowsStandalone target not found
Refreshing native plugins compatible for Editor in 0.74 ms, found 3 plugins.
Preloading 0 native plugins for Editor in 0.00 ms.
Mono: successfully reloaded assembly
- Completed reload, in  0.941 seconds
Platform modules already initialized, skipping
Shader 'Universal Render Pipeline/Particles/Lit': fallback shader 'Universal Render Pipeline/Particles/SimpleLit' not found
Refreshing native plugins compatible for Editor in 0.78 ms, found 3 plugins.
Preloading 0 native plugins for Editor in 0.00 ms.
Unloading 3263 Unused Serialized files (Serialized files now loaded: 0)
System memory in use before: 144.1 MB.
System memory in use after: 144.2 MB.

Unloading 23 unused Assets to reduce memory usage. Loaded Objects now: 3938.
Total: 2.968000 ms (FindLiveObjects: 0.348300 ms CreateObjectMapping: 0.081600 ms MarkObjects: 2.401200 ms  DeleteObjects: 0.135700 ms)

========================================================================
Received Prepare
Registering precompiled user dll's ...
Registered in 0.004198 seconds.
Begin MonoManager ReloadAssembly
Native extension for WindowsStandalone target not found
Refreshing native plugins compatible for Editor in 0.75 ms, found 3 plugins.
Preloading 0 native plugins for Editor in 0.00 ms.
Mono: successfully reloaded assembly
- Completed reload, in  0.940 seconds
Platform modules already initialized, skipping
Shader 'Universal Render Pipeline/Particles/Lit': fallback shader 'Universal Render Pipeline/Particles/SimpleLit' not found
Refreshing native plugins compatible for Editor in 0.81 ms, found 3 plugins.
Preloading 0 native plugins for Editor in 0.00 ms.
Unloading 3263 Unused Serialized files (Serialized files now loaded: 0)
System memory in use before: 144.1 MB.
System memory in use after: 144.2 MB.

Unloading 23 unused Assets to reduce memory usage. Loaded Objects now: 3942.
Total: 3.577800 ms (FindLiveObjects: 0.414400 ms CreateObjectMapping: 0.089600 ms MarkObjects: 2.927500 ms  DeleteObjects: 0.145100 ms)

========================================================================
Received Prepare
Registering precompiled user dll's ...
Registered in 0.005208 seconds.
Begin MonoManager ReloadAssembly
Native extension for WindowsStandalone target not found
Refreshing native plugins compatible for Editor in 0.75 ms, found 3 plugins.
Preloading 0 native plugins for Editor in 0.00 ms.
Mono: successfully reloaded assembly
- Completed reload, in  0.996 seconds
Platform modules already initialized, skipping
Shader 'Universal Render Pipeline/Particles/Lit': fallback shader 'Universal Render Pipeline/Particles/SimpleLit' not found
Refreshing native plugins compatible for Editor in 0.81 ms, found 3 plugins.
Preloading 0 native plugins for Editor in 0.00 ms.
Unloading 3263 Unused Serialized files (Serialized files now loaded: 0)
System memory in use before: 144.1 MB.
System memory in use after: 144.2 MB.

Unloading 23 unused Assets to reduce memory usage. Loaded Objects now: 3946.
Total: 3.220500 ms (FindLiveObjects: 0.367400 ms CreateObjectMapping: 0.075800 ms MarkObjects: 2.613600 ms  DeleteObjects: 0.161700 ms)

========================================================================
Received Prepare
Registering precompiled user dll's ...
Registered in 0.004345 seconds.
Begin MonoManager ReloadAssembly
Native extension for WindowsStandalone target not found
Refreshing native plugins compatible for Editor in 0.74 ms, found 3 plugins.
Preloading 0 native plugins for Editor in 0.00 ms.
Mono: successfully reloaded assembly
- Completed reload, in  0.940 seconds
Platform modules already initialized, skipping
Shader 'Universal Render Pipeline/Particles/Lit': fallback shader 'Universal Render Pipeline/Particles/SimpleLit' not found
Refreshing native plugins compatible for Editor in 0.78 ms, found 3 plugins.
Preloading 0 native plugins for Editor in 0.00 ms.
Unloading 3263 Unused Serialized files (Serialized files now loaded: 0)
System memory in use before: 144.1 MB.
System memory in use after: 144.2 MB.

Unloading 23 unused Assets to reduce memory usage. Loaded Objects now: 3950.
Total: 3.406400 ms (FindLiveObjects: 0.377900 ms CreateObjectMapping: 0.096400 ms MarkObjects: 2.799200 ms  DeleteObjects: 0.131300 ms)

========================================================================
Received Prepare
Registering precompiled user dll's ...
Registered in 0.004186 seconds.
Begin MonoManager ReloadAssembly
Native extension for WindowsStandalone target not found
Refreshing native plugins compatible for Editor in 0.79 ms, found 3 plugins.
Preloading 0 native plugins for Editor in 0.00 ms.
Mono: successfully reloaded assembly
- Completed reload, in  0.950 seconds
Platform modules already initialized, skipping
Shader 'Universal Render Pipeline/Particles/Lit': fallback shader 'Universal Render Pipeline/Particles/SimpleLit' not found
Refreshing native plugins compatible for Editor in 0.81 ms, found 3 plugins.
Preloading 0 native plugins for Editor in 0.00 ms.
Unloading 3263 Unused Serialized files (Serialized files now loaded: 0)
System memory in use before: 144.1 MB.
System memory in use after: 144.2 MB.

Unloading 23 unused Assets to reduce memory usage. Loaded Objects now: 3954.
Total: 3.037300 ms (FindLiveObjects: 0.380400 ms CreateObjectMapping: 0.237200 ms MarkObjects: 2.287600 ms  DeleteObjects: 0.131200 ms)

========================================================================
Received Prepare
Registering precompiled user dll's ...
Registered in 0.004156 seconds.
Begin MonoManager ReloadAssembly
Native extension for WindowsStandalone target not found
Refreshing native plugins compatible for Editor in 0.75 ms, found 3 plugins.
Preloading 0 native plugins for Editor in 0.00 ms.
Mono: successfully reloaded assembly
- Completed reload, in  0.945 seconds
Platform modules already initialized, skipping
Shader 'Universal Render Pipeline/Particles/Lit': fallback shader 'Universal Render Pipeline/Particles/SimpleLit' not found
Refreshing native plugins compatible for Editor in 0.80 ms, found 3 plugins.
Preloading 0 native plugins for Editor in 0.00 ms.
Unloading 3263 Unused Serialized files (Serialized files now loaded: 0)
System memory in use before: 144.1 MB.
System memory in use after: 144.2 MB.

Unloading 23 unused Assets to reduce memory usage. Loaded Objects now: 3958.
Total: 3.328300 ms (FindLiveObjects: 0.370200 ms CreateObjectMapping: 0.078200 ms MarkObjects: 2.741000 ms  DeleteObjects: 0.137400 ms)

========================================================================
Received Prepare
Registering precompiled user dll's ...
Registered in 0.004136 seconds.
Begin MonoManager ReloadAssembly
Native extension for WindowsStandalone target not found
Refreshing native plugins compatible for Editor in 0.78 ms, found 3 plugins.
Preloading 0 native plugins for Editor in 0.00 ms.
Mono: successfully reloaded assembly
- Completed reload, in  0.966 seconds
Platform modules already initialized, skipping
Shader 'Universal Render Pipeline/Particles/Lit': fallback shader 'Universal Render Pipeline/Particles/SimpleLit' not found
Refreshing native plugins compatible for Editor in 0.81 ms, found 3 plugins.
Preloading 0 native plugins for Editor in 0.00 ms.
Unloading 3263 Unused Serialized files (Serialized files now loaded: 0)
System memory in use before: 144.1 MB.
System memory in use after: 144.2 MB.

Unloading 23 unused Assets to reduce memory usage. Loaded Objects now: 3962.
Total: 3.122700 ms (FindLiveObjects: 0.426600 ms CreateObjectMapping: 0.084300 ms MarkObjects: 2.460300 ms  DeleteObjects: 0.150300 ms)

========================================================================
Received Prepare
Registering precompiled user dll's ...
Registered in 0.004101 seconds.
Begin MonoManager ReloadAssembly
Native extension for WindowsStandalone target not found
Refreshing native plugins compatible for Editor in 0.81 ms, found 3 plugins.
Preloading 0 native plugins for Editor in 0.00 ms.
Mono: successfully reloaded assembly
- Completed reload, in  0.938 seconds
Platform modules already initialized, skipping
Shader 'Universal Render Pipeline/Particles/Lit': fallback shader 'Universal Render Pipeline/Particles/SimpleLit' not found
Refreshing native plugins compatible for Editor in 0.79 ms, found 3 plugins.
Preloading 0 native plugins for Editor in 0.00 ms.
Unloading 3263 Unused Serialized files (Serialized files now loaded: 0)
System memory in use before: 144.1 MB.
System memory in use after: 144.2 MB.

Unloading 23 unused Assets to reduce memory usage. Loaded Objects now: 3966.
Total: 3.300400 ms (FindLiveObjects: 0.378000 ms CreateObjectMapping: 0.076800 ms MarkObjects: 2.697900 ms  DeleteObjects: 0.146200 ms)

========================================================================
Received Prepare
Registering precompiled user dll's ...
Registered in 0.004322 seconds.
Begin MonoManager ReloadAssembly
Native extension for WindowsStandalone target not found
Refreshing native plugins compatible for Editor in 0.80 ms, found 3 plugins.
Preloading 0 native plugins for Editor in 0.00 ms.
Mono: successfully reloaded assembly
- Completed reload, in  0.994 seconds
Platform modules already initialized, skipping
Shader 'Universal Render Pipeline/Particles/Lit': fallback shader 'Universal Render Pipeline/Particles/SimpleLit' not found
Refreshing native plugins compatible for Editor in 0.80 ms, found 3 plugins.
Preloading 0 native plugins for Editor in 0.00 ms.
Unloading 3263 Unused Serialized files (Serialized files now loaded: 0)
System memory in use before: 144.2 MB.
System memory in use after: 144.3 MB.

Unloading 23 unused Assets to reduce memory usage. Loaded Objects now: 3970.
Total: 3.357300 ms (FindLiveObjects: 0.400900 ms CreateObjectMapping: 0.079600 ms MarkObjects: 2.730600 ms  DeleteObjects: 0.144500 ms)

========================================================================
Received Prepare
Registering precompiled user dll's ...
Registered in 0.004101 seconds.
Begin MonoManager ReloadAssembly
Native extension for WindowsStandalone target not found
Refreshing native plugins compatible for Editor in 0.79 ms, found 3 plugins.
Preloading 0 native plugins for Editor in 0.00 ms.
Mono: successfully reloaded assembly
- Completed reload, in  0.950 seconds
Platform modules already initialized, skipping
Shader 'Universal Render Pipeline/Particles/Lit': fallback shader 'Universal Render Pipeline/Particles/SimpleLit' not found
Refreshing native plugins compatible for Editor in 0.79 ms, found 3 plugins.
Preloading 0 native plugins for Editor in 0.00 ms.
Unloading 3263 Unused Serialized files (Serialized files now loaded: 0)
System memory in use before: 144.2 MB.
System memory in use after: 144.3 MB.

Unloading 23 unused Assets to reduce memory usage. Loaded Objects now: 3974.
Total: 3.348700 ms (FindLiveObjects: 0.400800 ms CreateObjectMapping: 0.085000 ms MarkObjects: 2.721300 ms  DeleteObjects: 0.140300 ms)

========================================================================
Received Prepare
Registering precompiled user dll's ...
Registered in 0.004250 seconds.
Begin MonoManager ReloadAssembly
Native extension for WindowsStandalone target not found
Refreshing native plugins compatible for Editor in 0.78 ms, found 3 plugins.
Preloading 0 native plugins for Editor in 0.00 ms.
Mono: successfully reloaded assembly
- Completed reload, in  0.938 seconds
Platform modules already initialized, skipping
Shader 'Universal Render Pipeline/Particles/Lit': fallback shader 'Universal Render Pipeline/Particles/SimpleLit' not found
Refreshing native plugins compatible for Editor in 0.77 ms, found 3 plugins.
Preloading 0 native plugins for Editor in 0.00 ms.
Unloading 3263 Unused Serialized files (Serialized files now loaded: 0)
System memory in use before: 144.2 MB.
System memory in use after: 144.3 MB.

Unloading 23 unused Assets to reduce memory usage. Loaded Objects now: 3978.
Total: 3.226200 ms (FindLiveObjects: 0.364600 ms CreateObjectMapping: 0.083200 ms MarkObjects: 2.638500 ms  DeleteObjects: 0.138600 ms)

========================================================================
Received Prepare
Registering precompiled user dll's ...
Registered in 0.004375 seconds.
Begin MonoManager ReloadAssembly
Native extension for WindowsStandalone target not found
Refreshing native plugins compatible for Editor in 0.76 ms, found 3 plugins.
Preloading 0 native plugins for Editor in 0.00 ms.
Mono: successfully reloaded assembly
- Completed reload, in  0.954 seconds
Platform modules already initialized, skipping
Shader 'Universal Render Pipeline/Particles/Lit': fallback shader 'Universal Render Pipeline/Particles/SimpleLit' not found
Refreshing native plugins compatible for Editor in 0.78 ms, found 3 plugins.
Preloading 0 native plugins for Editor in 0.00 ms.
Unloading 3263 Unused Serialized files (Serialized files now loaded: 0)
System memory in use before: 144.2 MB.
System memory in use after: 144.3 MB.

Unloading 23 unused Assets to reduce memory usage. Loaded Objects now: 3982.
Total: 3.134200 ms (FindLiveObjects: 0.363600 ms CreateObjectMapping: 0.081900 ms MarkObjects: 2.547000 ms  DeleteObjects: 0.140900 ms)

========================================================================
Received Prepare
Registering precompiled user dll's ...
Registered in 0.004225 seconds.
Begin MonoManager ReloadAssembly
Native extension for WindowsStandalone target not found
Refreshing native plugins compatible for Editor in 0.78 ms, found 3 plugins.
Preloading 0 native plugins for Editor in 0.00 ms.
Mono: successfully reloaded assembly
- Completed reload, in  0.951 seconds
Platform modules already initialized, skipping
Shader 'Universal Render Pipeline/Particles/Lit': fallback shader 'Universal Render Pipeline/Particles/SimpleLit' not found
Refreshing native plugins compatible for Editor in 0.80 ms, found 3 plugins.
Preloading 0 native plugins for Editor in 0.00 ms.
Unloading 3263 Unused Serialized files (Serialized files now loaded: 0)
System memory in use before: 144.2 MB.
System memory in use after: 144.3 MB.

Unloading 23 unused Assets to reduce memory usage. Loaded Objects now: 3986.
Total: 3.390900 ms (FindLiveObjects: 0.391400 ms CreateObjectMapping: 0.087200 ms MarkObjects: 2.764000 ms  DeleteObjects: 0.146700 ms)

========================================================================
Received Prepare
Registering precompiled user dll's ...
Registered in 0.004160 seconds.
Begin MonoManager ReloadAssembly
Native extension for WindowsStandalone target not found
Refreshing native plugins compatible for Editor in 0.85 ms, found 3 plugins.
Preloading 0 native plugins for Editor in 0.00 ms.
Mono: successfully reloaded assembly
- Completed reload, in  0.936 seconds
Platform modules already initialized, skipping
Shader 'Universal Render Pipeline/Particles/Lit': fallback shader 'Universal Render Pipeline/Particles/SimpleLit' not found
Refreshing native plugins compatible for Editor in 0.83 ms, found 3 plugins.
Preloading 0 native plugins for Editor in 0.00 ms.
Unloading 3263 Unused Serialized files (Serialized files now loaded: 0)
System memory in use before: 144.2 MB.
System memory in use after: 144.3 MB.

Unloading 23 unused Assets to reduce memory usage. Loaded Objects now: 3990.
Total: 3.454300 ms (FindLiveObjects: 0.370200 ms CreateObjectMapping: 0.097500 ms MarkObjects: 2.851200 ms  DeleteObjects: 0.133200 ms)

========================================================================
Received Prepare
Registering precompiled user dll's ...
Registered in 0.004170 seconds.
Begin MonoManager ReloadAssembly
Native extension for WindowsStandalone target not found
Refreshing native plugins compatible for Editor in 0.76 ms, found 3 plugins.
Preloading 0 native plugins for Editor in 0.00 ms.
Mono: successfully reloaded assembly
- Completed reload, in  0.926 seconds
Platform modules already initialized, skipping
Shader 'Universal Render Pipeline/Particles/Lit': fallback shader 'Universal Render Pipeline/Particles/SimpleLit' not found
Refreshing native plugins compatible for Editor in 0.80 ms, found 3 plugins.
Preloading 0 native plugins for Editor in 0.00 ms.
Unloading 3263 Unused Serialized files (Serialized files now loaded: 0)
System memory in use before: 144.2 MB.
System memory in use after: 144.3 MB.

Unloading 23 unused Assets to reduce memory usage. Loaded Objects now: 3994.
Total: 3.380100 ms (FindLiveObjects: 0.397600 ms CreateObjectMapping: 0.081700 ms MarkObjects: 2.761500 ms  DeleteObjects: 0.138100 ms)

========================================================================
Received Prepare
Registering precompiled user dll's ...
Registered in 0.004147 seconds.
Begin MonoManager ReloadAssembly
Native extension for WindowsStandalone target not found
Refreshing native plugins compatible for Editor in 0.61 ms, found 3 plugins.
Preloading 0 native plugins for Editor in 0.00 ms.
Mono: successfully reloaded assembly
- Completed reload, in  0.952 seconds
Platform modules already initialized, skipping
Shader 'Universal Render Pipeline/Particles/Lit': fallback shader 'Universal Render Pipeline/Particles/SimpleLit' not found
Refreshing native plugins compatible for Editor in 0.81 ms, found 3 plugins.
Preloading 0 native plugins for Editor in 0.00 ms.
Unloading 3263 Unused Serialized files (Serialized files now loaded: 0)
System memory in use before: 144.2 MB.
System memory in use after: 144.3 MB.

Unloading 23 unused Assets to reduce memory usage. Loaded Objects now: 3998.
Total: 3.321000 ms (FindLiveObjects: 0.425700 ms CreateObjectMapping: 0.092400 ms MarkObjects: 2.665600 ms  DeleteObjects: 0.136100 ms)

========================================================================
Received Prepare
Registering precompiled user dll's ...
Registered in 0.004247 seconds.
Begin MonoManager ReloadAssembly
Native extension for WindowsStandalone target not found
Refreshing native plugins compatible for Editor in 0.74 ms, found 3 plugins.
Preloading 0 native plugins for Editor in 0.00 ms.
Mono: successfully reloaded assembly
- Completed reload, in  0.935 seconds
Platform modules already initialized, skipping
Shader 'Universal Render Pipeline/Particles/Lit': fallback shader 'Universal Render Pipeline/Particles/SimpleLit' not found
Refreshing native plugins compatible for Editor in 0.80 ms, found 3 plugins.
Preloading 0 native plugins for Editor in 0.00 ms.
Unloading 3263 Unused Serialized files (Serialized files now loaded: 0)
System memory in use before: 144.2 MB.
System memory in use after: 144.3 MB.

Unloading 23 unused Assets to reduce memory usage. Loaded Objects now: 4002.
Total: 3.270400 ms (FindLiveObjects: 0.369100 ms CreateObjectMapping: 0.098600 ms MarkObjects: 2.651800 ms  DeleteObjects: 0.149700 ms)

========================================================================
Received Prepare
Registering precompiled user dll's ...
Registered in 0.004106 seconds.
Begin MonoManager ReloadAssembly
Native extension for WindowsStandalone target not found
Refreshing native plugins compatible for Editor in 0.82 ms, found 3 plugins.
Preloading 0 native plugins for Editor in 0.00 ms.
Mono: successfully reloaded assembly
- Completed reload, in  0.942 seconds
Platform modules already initialized, skipping
Shader 'Universal Render Pipeline/Particles/Lit': fallback shader 'Universal Render Pipeline/Particles/SimpleLit' not found
Refreshing native plugins compatible for Editor in 0.81 ms, found 3 plugins.
Preloading 0 native plugins for Editor in 0.00 ms.
Unloading 3263 Unused Serialized files (Serialized files now loaded: 0)
System memory in use before: 144.2 MB.
System memory in use after: 144.3 MB.

Unloading 23 unused Assets to reduce memory usage. Loaded Objects now: 4006.
Total: 3.258500 ms (FindLiveObjects: 0.374800 ms CreateObjectMapping: 0.082900 ms MarkObjects: 2.660800 ms  DeleteObjects: 0.138600 ms)

========================================================================
Received Prepare
Registering precompiled user dll's ...
Registered in 0.004223 seconds.
Begin MonoManager ReloadAssembly
Native extension for WindowsStandalone target not found
Refreshing native plugins compatible for Editor in 0.75 ms, found 3 plugins.
Preloading 0 native plugins for Editor in 0.00 ms.
Mono: successfully reloaded assembly
- Completed reload, in  0.929 seconds
Platform modules already initialized, skipping
Shader 'Universal Render Pipeline/Particles/Lit': fallback shader 'Universal Render Pipeline/Particles/SimpleLit' not found
Refreshing native plugins compatible for Editor in 0.78 ms, found 3 plugins.
Preloading 0 native plugins for Editor in 0.00 ms.
Unloading 3263 Unused Serialized files (Serialized files now loaded: 0)
System memory in use before: 144.3 MB.
System memory in use after: 144.4 MB.

Unloading 23 unused Assets to reduce memory usage. Loaded Objects now: 4010.
Total: 3.330700 ms (FindLiveObjects: 0.442600 ms CreateObjectMapping: 0.080500 ms MarkObjects: 2.597000 ms  DeleteObjects: 0.209300 ms)

========================================================================
Received Prepare
Registering precompiled user dll's ...
Registered in 0.004431 seconds.
Begin MonoManager ReloadAssembly
Native extension for WindowsStandalone target not found
Refreshing native plugins compatible for Editor in 0.74 ms, found 3 plugins.
Preloading 0 native plugins for Editor in 0.00 ms.
Mono: successfully reloaded assembly
- Completed reload, in  0.932 seconds
Platform modules already initialized, skipping
Shader 'Universal Render Pipeline/Particles/Lit': fallback shader 'Universal Render Pipeline/Particles/SimpleLit' not found
Refreshing native plugins compatible for Editor in 0.82 ms, found 3 plugins.
Preloading 0 native plugins for Editor in 0.00 ms.
Unloading 3263 Unused Serialized files (Serialized files now loaded: 0)
System memory in use before: 144.3 MB.
System memory in use after: 144.4 MB.

Unloading 23 unused Assets to reduce memory usage. Loaded Objects now: 4014.
Total: 3.396300 ms (FindLiveObjects: 0.487900 ms CreateObjectMapping: 0.078700 ms MarkObjects: 2.689300 ms  DeleteObjects: 0.138700 ms)

========================================================================
Received Prepare
Registering precompiled user dll's ...
Registered in 0.004223 seconds.
Begin MonoManager ReloadAssembly
Native extension for WindowsStandalone target not found
Refreshing native plugins compatible for Editor in 0.76 ms, found 3 plugins.
Preloading 0 native plugins for Editor in 0.00 ms.
Mono: successfully reloaded assembly
- Completed reload, in  0.940 seconds
Platform modules already initialized, skipping
Shader 'Universal Render Pipeline/Particles/Lit': fallback shader 'Universal Render Pipeline/Particles/SimpleLit' not found
Refreshing native plugins compatible for Editor in 0.79 ms, found 3 plugins.
Preloading 0 native plugins for Editor in 0.00 ms.
Unloading 3263 Unused Serialized files (Serialized files now loaded: 0)
System memory in use before: 144.3 MB.
System memory in use after: 144.4 MB.

Unloading 23 unused Assets to reduce memory usage. Loaded Objects now: 4018.
Total: 3.456200 ms (FindLiveObjects: 0.393800 ms CreateObjectMapping: 0.087800 ms MarkObjects: 2.837200 ms  DeleteObjects: 0.136000 ms)

========================================================================
Received Prepare
Registering precompiled user dll's ...
Registered in 0.004547 seconds.
Begin MonoManager ReloadAssembly
Native extension for WindowsStandalone target not found
Refreshing native plugins compatible for Editor in 0.81 ms, found 3 plugins.
Preloading 0 native plugins for Editor in 0.00 ms.
Mono: successfully reloaded assembly
- Completed reload, in  0.996 seconds
Platform modules already initialized, skipping
Shader 'Universal Render Pipeline/Particles/Lit': fallback shader 'Universal Render Pipeline/Particles/SimpleLit' not found
Refreshing native plugins compatible for Editor in 0.88 ms, found 3 plugins.
Preloading 0 native plugins for Editor in 0.00 ms.
Unloading 3263 Unused Serialized files (Serialized files now loaded: 0)
System memory in use before: 144.3 MB.
System memory in use after: 144.4 MB.

Unloading 23 unused Assets to reduce memory usage. Loaded Objects now: 4022.
Total: 3.718000 ms (FindLiveObjects: 0.524000 ms CreateObjectMapping: 0.079500 ms MarkObjects: 2.953000 ms  DeleteObjects: 0.159200 ms)

========================================================================
Received Prepare
Registering precompiled user dll's ...
Registered in 0.004630 seconds.
Begin MonoManager ReloadAssembly
Native extension for WindowsStandalone target not found
Refreshing native plugins compatible for Editor in 0.78 ms, found 3 plugins.
Preloading 0 native plugins for Editor in 0.00 ms.
Mono: successfully reloaded assembly
- Completed reload, in  0.947 seconds
Platform modules already initialized, skipping
Shader 'Universal Render Pipeline/Particles/Lit': fallback shader 'Universal Render Pipeline/Particles/SimpleLit' not found
Refreshing native plugins compatible for Editor in 0.86 ms, found 3 plugins.
Preloading 0 native plugins for Editor in 0.00 ms.
Unloading 3263 Unused Serialized files (Serialized files now loaded: 0)
System memory in use before: 144.3 MB.
System memory in use after: 144.4 MB.

Unloading 23 unused Assets to reduce memory usage. Loaded Objects now: 4026.
Total: 3.248100 ms (FindLiveObjects: 0.387700 ms CreateObjectMapping: 0.087100 ms MarkObjects: 2.631800 ms  DeleteObjects: 0.139900 ms)

========================================================================
Received Prepare
Registering precompiled user dll's ...
Registered in 0.004209 seconds.
Begin MonoManager ReloadAssembly
Native extension for WindowsStandalone target not found
Refreshing native plugins compatible for Editor in 0.83 ms, found 3 plugins.
Preloading 0 native plugins for Editor in 0.00 ms.
Mono: successfully reloaded assembly
- Completed reload, in  0.922 seconds
Platform modules already initialized, skipping
Shader 'Universal Render Pipeline/Particles/Lit': fallback shader 'Universal Render Pipeline/Particles/SimpleLit' not found
Refreshing native plugins compatible for Editor in 0.93 ms, found 3 plugins.
Preloading 0 native plugins for Editor in 0.00 ms.
Unloading 3263 Unused Serialized files (Serialized files now loaded: 0)
System memory in use before: 144.3 MB.
System memory in use after: 144.4 MB.

Unloading 23 unused Assets to reduce memory usage. Loaded Objects now: 4030.
Total: 3.803500 ms (FindLiveObjects: 0.526300 ms CreateObjectMapping: 0.112300 ms MarkObjects: 3.010100 ms  DeleteObjects: 0.152700 ms)

========================================================================
Received Prepare
Registering precompiled user dll's ...
Registered in 0.004141 seconds.
Begin MonoManager ReloadAssembly
Native extension for WindowsStandalone target not found
Refreshing native plugins compatible for Editor in 0.78 ms, found 3 plugins.
Preloading 0 native plugins for Editor in 0.00 ms.
Mono: successfully reloaded assembly
- Completed reload, in  0.944 seconds
Platform modules already initialized, skipping
Shader 'Universal Render Pipeline/Particles/Lit': fallback shader 'Universal Render Pipeline/Particles/SimpleLit' not found
Refreshing native plugins compatible for Editor in 0.88 ms, found 3 plugins.
Preloading 0 native plugins for Editor in 0.00 ms.
Unloading 3263 Unused Serialized files (Serialized files now loaded: 0)
System memory in use before: 144.3 MB.
System memory in use after: 144.4 MB.

Unloading 23 unused Assets to reduce memory usage. Loaded Objects now: 4034.
Total: 3.520500 ms (FindLiveObjects: 0.445900 ms CreateObjectMapping: 0.085500 ms MarkObjects: 2.835000 ms  DeleteObjects: 0.152200 ms)

========================================================================
Received Prepare
Registering precompiled user dll's ...
Registered in 0.004136 seconds.
Begin MonoManager ReloadAssembly
Native extension for WindowsStandalone target not found
Refreshing native plugins compatible for Editor in 0.78 ms, found 3 plugins.
Preloading 0 native plugins for Editor in 0.00 ms.
Mono: successfully reloaded assembly
- Completed reload, in  0.955 seconds
Platform modules already initialized, skipping
Shader 'Universal Render Pipeline/Particles/Lit': fallback shader 'Universal Render Pipeline/Particles/SimpleLit' not found
Refreshing native plugins compatible for Editor in 0.83 ms, found 3 plugins.
Preloading 0 native plugins for Editor in 0.00 ms.
Unloading 3263 Unused Serialized files (Serialized files now loaded: 0)
System memory in use before: 144.3 MB.
System memory in use after: 144.4 MB.

Unloading 23 unused Assets to reduce memory usage. Loaded Objects now: 4038.
Total: 3.618400 ms (FindLiveObjects: 0.426200 ms CreateObjectMapping: 0.089400 ms MarkObjects: 2.945200 ms  DeleteObjects: 0.156200 ms)

========================================================================
Received Prepare
Registering precompiled user dll's ...
Registered in 0.004173 seconds.
Begin MonoManager ReloadAssembly
Native extension for WindowsStandalone target not found
Refreshing native plugins compatible for Editor in 0.77 ms, found 3 plugins.
Preloading 0 native plugins for Editor in 0.00 ms.
Mono: successfully reloaded assembly
- Completed reload, in  0.967 seconds
Platform modules already initialized, skipping
Shader 'Universal Render Pipeline/Particles/Lit': fallback shader 'Universal Render Pipeline/Particles/SimpleLit' not found
Refreshing native plugins compatible for Editor in 0.78 ms, found 3 plugins.
Preloading 0 native plugins for Editor in 0.00 ms.
Unloading 3263 Unused Serialized files (Serialized files now loaded: 0)
System memory in use before: 144.3 MB.
System memory in use after: 144.4 MB.

Unloading 23 unused Assets to reduce memory usage. Loaded Objects now: 4042.
Total: 3.168100 ms (FindLiveObjects: 0.452000 ms CreateObjectMapping: 0.080900 ms MarkObjects: 2.491400 ms  DeleteObjects: 0.142100 ms)

========================================================================
Received Prepare
Registering precompiled user dll's ...
Registered in 0.004280 seconds.
Begin MonoManager ReloadAssembly
Native extension for WindowsStandalone target not found
Refreshing native plugins compatible for Editor in 0.86 ms, found 3 plugins.
Preloading 0 native plugins for Editor in 0.00 ms.
Mono: successfully reloaded assembly
- Completed reload, in  0.937 seconds
Platform modules already initialized, skipping
Shader 'Universal Render Pipeline/Particles/Lit': fallback shader 'Universal Render Pipeline/Particles/SimpleLit' not found
Refreshing native plugins compatible for Editor in 0.79 ms, found 3 plugins.
Preloading 0 native plugins for Editor in 0.00 ms.
Unloading 3263 Unused Serialized files (Serialized files now loaded: 0)
System memory in use before: 144.3 MB.
System memory in use after: 144.4 MB.

Unloading 23 unused Assets to reduce memory usage. Loaded Objects now: 4046.
Total: 3.465800 ms (FindLiveObjects: 0.406400 ms CreateObjectMapping: 0.088500 ms MarkObjects: 2.831800 ms  DeleteObjects: 0.137600 ms)

========================================================================
Received Prepare
Registering precompiled user dll's ...
Registered in 0.004165 seconds.
Begin MonoManager ReloadAssembly
Native extension for WindowsStandalone target not found
Refreshing native plugins compatible for Editor in 0.82 ms, found 3 plugins.
Preloading 0 native plugins for Editor in 0.00 ms.
Mono: successfully reloaded assembly
- Completed reload, in  0.977 seconds
Platform modules already initialized, skipping
Shader 'Universal Render Pipeline/Particles/Lit': fallback shader 'Universal Render Pipeline/Particles/SimpleLit' not found
Refreshing native plugins compatible for Editor in 0.80 ms, found 3 plugins.
Preloading 0 native plugins for Editor in 0.00 ms.
Unloading 3263 Unused Serialized files (Serialized files now loaded: 0)
System memory in use before: 144.3 MB.
System memory in use after: 144.4 MB.

Unloading 23 unused Assets to reduce memory usage. Loaded Objects now: 4050.
Total: 3.483900 ms (FindLiveObjects: 0.411000 ms CreateObjectMapping: 0.076500 ms MarkObjects: 2.852200 ms  DeleteObjects: 0.142700 ms)

========================================================================
Received Prepare
Registering precompiled user dll's ...
Registered in 0.004136 seconds.
Begin MonoManager ReloadAssembly
Native extension for WindowsStandalone target not found
Refreshing native plugins compatible for Editor in 0.74 ms, found 3 plugins.
Preloading 0 native plugins for Editor in 0.00 ms.
Mono: successfully reloaded assembly
- Completed reload, in  0.929 seconds
Platform modules already initialized, skipping
Shader 'Universal Render Pipeline/Particles/Lit': fallback shader 'Universal Render Pipeline/Particles/SimpleLit' not found
Refreshing native plugins compatible for Editor in 0.82 ms, found 3 plugins.
Preloading 0 native plugins for Editor in 0.00 ms.
Unloading 3263 Unused Serialized files (Serialized files now loaded: 0)
System memory in use before: 144.3 MB.
System memory in use after: 144.4 MB.

Unloading 23 unused Assets to reduce memory usage. Loaded Objects now: 4054.
Total: 3.468000 ms (FindLiveObjects: 0.405700 ms CreateObjectMapping: 0.086700 ms MarkObjects: 2.833000 ms  DeleteObjects: 0.141400 ms)

========================================================================
Received Prepare
Registering precompiled user dll's ...
Registered in 0.004246 seconds.
Begin MonoManager ReloadAssembly
Native extension for WindowsStandalone target not found
Refreshing native plugins compatible for Editor in 0.77 ms, found 3 plugins.
Preloading 0 native plugins for Editor in 0.00 ms.
Mono: successfully reloaded assembly
- Completed reload, in  0.973 seconds
Platform modules already initialized, skipping
Shader 'Universal Render Pipeline/Particles/Lit': fallback shader 'Universal Render Pipeline/Particles/SimpleLit' not found
Refreshing native plugins compatible for Editor in 1.04 ms, found 3 plugins.
Preloading 0 native plugins for Editor in 0.00 ms.
Unloading 3263 Unused Serialized files (Serialized files now loaded: 0)
System memory in use before: 144.4 MB.
System memory in use after: 144.5 MB.

Unloading 23 unused Assets to reduce memory usage. Loaded Objects now: 4058.
Total: 3.772300 ms (FindLiveObjects: 0.445400 ms CreateObjectMapping: 0.079500 ms MarkObjects: 3.082200 ms  DeleteObjects: 0.163500 ms)

========================================================================
Received Prepare
Registering precompiled user dll's ...
Registered in 0.004131 seconds.
Begin MonoManager ReloadAssembly
Native extension for WindowsStandalone target not found
Refreshing native plugins compatible for Editor in 0.77 ms, found 3 plugins.
Preloading 0 native plugins for Editor in 0.00 ms.
Mono: successfully reloaded assembly
- Completed reload, in  0.939 seconds
Platform modules already initialized, skipping
Shader 'Universal Render Pipeline/Particles/Lit': fallback shader 'Universal Render Pipeline/Particles/SimpleLit' not found
Refreshing native plugins compatible for Editor in 0.82 ms, found 3 plugins.
Preloading 0 native plugins for Editor in 0.00 ms.
Unloading 3263 Unused Serialized files (Serialized files now loaded: 0)
System memory in use before: 144.4 MB.
System memory in use after: 144.5 MB.

Unloading 23 unused Assets to reduce memory usage. Loaded Objects now: 4062.
Total: 2.840200 ms (FindLiveObjects: 0.396600 ms CreateObjectMapping: 0.076100 ms MarkObjects: 2.235000 ms  DeleteObjects: 0.131400 ms)

========================================================================
Received Prepare
Registering precompiled user dll's ...
Registered in 0.004191 seconds.
Begin MonoManager ReloadAssembly
Native extension for WindowsStandalone target not found
Refreshing native plugins compatible for Editor in 0.84 ms, found 3 plugins.
Preloading 0 native plugins for Editor in 0.00 ms.
Mono: successfully reloaded assembly
- Completed reload, in  0.949 seconds
Platform modules already initialized, skipping
Shader 'Universal Render Pipeline/Particles/Lit': fallback shader 'Universal Render Pipeline/Particles/SimpleLit' not found
Refreshing native plugins compatible for Editor in 0.79 ms, found 3 plugins.
Preloading 0 native plugins for Editor in 0.00 ms.
Unloading 3263 Unused Serialized files (Serialized files now loaded: 0)
System memory in use before: 144.4 MB.
System memory in use after: 144.5 MB.

Unloading 23 unused Assets to reduce memory usage. Loaded Objects now: 4066.
Total: 3.313200 ms (FindLiveObjects: 0.476200 ms CreateObjectMapping: 0.090200 ms MarkObjects: 2.600600 ms  DeleteObjects: 0.144800 ms)

========================================================================
Received Prepare
Registering precompiled user dll's ...
Registered in 0.004145 seconds.
Begin MonoManager ReloadAssembly
Native extension for WindowsStandalone target not found
Refreshing native plugins compatible for Editor in 0.83 ms, found 3 plugins.
Preloading 0 native plugins for Editor in 0.00 ms.
Mono: successfully reloaded assembly
- Completed reload, in  0.941 seconds
Platform modules already initialized, skipping
Shader 'Universal Render Pipeline/Particles/Lit': fallback shader 'Universal Render Pipeline/Particles/SimpleLit' not found
Refreshing native plugins compatible for Editor in 0.74 ms, found 3 plugins.
Preloading 0 native plugins for Editor in 0.00 ms.
Unloading 3263 Unused Serialized files (Serialized files now loaded: 0)
System memory in use before: 144.4 MB.
System memory in use after: 144.5 MB.

Unloading 23 unused Assets to reduce memory usage. Loaded Objects now: 4070.
Total: 3.197100 ms (FindLiveObjects: 0.399900 ms CreateObjectMapping: 0.086800 ms MarkObjects: 2.575400 ms  DeleteObjects: 0.133000 ms)

========================================================================
Received Prepare
Registering precompiled user dll's ...
Registered in 0.004146 seconds.
Begin MonoManager ReloadAssembly
Native extension for WindowsStandalone target not found
Refreshing native plugins compatible for Editor in 0.77 ms, found 3 plugins.
Preloading 0 native plugins for Editor in 0.00 ms.
Mono: successfully reloaded assembly
- Completed reload, in  0.953 seconds
Platform modules already initialized, skipping
Shader 'Universal Render Pipeline/Particles/Lit': fallback shader 'Universal Render Pipeline/Particles/SimpleLit' not found
Refreshing native plugins compatible for Editor in 0.78 ms, found 3 plugins.
Preloading 0 native plugins for Editor in 0.00 ms.
Unloading 3263 Unused Serialized files (Serialized files now loaded: 0)
System memory in use before: 144.4 MB.
System memory in use after: 144.5 MB.

Unloading 23 unused Assets to reduce memory usage. Loaded Objects now: 4074.
Total: 3.370700 ms (FindLiveObjects: 0.437800 ms CreateObjectMapping: 0.078500 ms MarkObjects: 2.697900 ms  DeleteObjects: 0.155000 ms)

========================================================================
Received Import Request.
  Time since last request: 2991.111930 seconds.
  path: Packages/com.unity.render-pipelines.universal/Runtime/Materials/PhysicalMaterial3DsMax
  artifactKey: Guid(6008daaf28fd58349b70105e46e2a92b) Importer(815301076,1909f56bfc062723c751e8b465ee728b)
Start importing Packages/com.unity.render-pipelines.universal/Runtime/Materials/PhysicalMaterial3DsMax using Guid(6008daaf28fd58349b70105e46e2a92b) Importer(815301076,1909f56bfc062723c751e8b465ee728b)  -> (artifact id: 'f02632a12267c330181d5ad1964589fc') in 0.011352 seconds
  Import took 0.016635 seconds .

AssetImportWorkerClient::OnTransportError - code=2 error=End of file
